<?xml version="1.0" encoding="UTF-8"?>
<!-- Generated by org.testng.reporters.JUnitReportReporter -->
<testsuite skipped="0" hostname="dckap-PC" name="testcase.TestCaseFile" tests="2" failures="0" timestamp="09 Oct 2019 07:29:00 GMT" time="0.032" errors="0">
  <testcase name="testcase2" time="0.003" classname="testcase.TestCaseFile"/>
  <testcase name="testcase1" time="0.029" classname="testcase.TestCaseFile"/>
</testsuite> <!-- testcase.TestCaseFile -->
